<?xml version="1.0" encoding="UTF-8"?>
<!-- Generated by org.testng.reporters.JUnitReportReporter -->
<testsuite hostname="MacBook-Air-163.hsd1.ca.comcast.net" failures="0" tests="10" name="com.training.testcases.LoginTest" time="31.144" errors="0" timestamp="2024-09-25T12:06:07 PDT" skipped="9">
  <testcase classname="com.training.testcases.LoginTest" name="validatelogin" time="31.144"/>
  <testcase classname="com.training.testcases.LoginTest" name="validateLoginForgotPassword">
    <skipped/>
  </testcase> <!-- validateLoginForgotPassword -->
  <testcase classname="com.training.testcases.LoginTest" name="validateRememberMe">
    <skipped/>
  </testcase> <!-- validateRememberMe -->
  <testcase classname="com.training.testcases.LoginTest" name="myProfile">
    <skipped/>
  </testcase> <!-- myProfile -->
  <testcase classname="com.training.testcases.LoginTest" name="validateDevConsole">
    <skipped/>
  </testcase> <!-- validateDevConsole -->
  <testcase classname="com.training.testcases.LoginTest" name="mySettings">
    <skipped/>
  </testcase> <!-- mySettings -->
  <testcase classname="com.training.testcases.LoginTest" name="validateUserMenu">
    <skipped/>
  </testcase> <!-- validateUserMenu -->
  <testcase classname="com.training.testcases.LoginTest" name="validateLoginErrorMessage">
    <skipped/>
  </testcase> <!-- validateLoginErrorMessage -->
  <testcase classname="com.training.testcases.LoginTest" name="invalidlogin">
    <skipped/>
  </testcase> <!-- invalidlogin -->
  <testcase classname="com.training.testcases.LoginTest" name="validateLogout">
    <skipped/>
  </testcase> <!-- validateLogout -->
</testsuite> <!-- com.training.testcases.LoginTest -->
