<?xml version="1.0" encoding="UTF-8"?>
<!-- Generated by org.testng.reporters.JUnitReportReporter -->
<testsuite hostname="MacBook-Air-163.hsd1.ca.comcast.net" failures="0" tests="5" name="com.training.testcases.OpportunityTest" time="165.359" errors="0" timestamp="2024-09-25T12:06:07 PDT" skipped="0">
  <testcase classname="com.training.testcases.OpportunityTest" name="CreateNewOpportunity" time="26.551"/>
  <testcase classname="com.training.testcases.OpportunityTest" name="OpportunitiesPipeline" time="34.067"/>
  <testcase classname="com.training.testcases.OpportunityTest" name="OpportunitiesDropdown" time="34.217"/>
  <testcase classname="com.training.testcases.OpportunityTest" name="QSummaryReport" time="33.465"/>
  <testcase classname="com.training.testcases.OpportunityTest" name="StuckOpportunities" time="37.059"/>
</testsuite> <!-- com.training.testcases.OpportunityTest -->
