<?xml version="1.0" encoding="UTF-8"?>
<!-- Generated by org.testng.reporters.JUnitReportReporter -->
<testsuite hostname="MacBook-Air-163.hsd1.ca.comcast.net" failures="0" tests="8" name="com.training.testcases.ContactsTest" time="208.826" errors="0" timestamp="2024-09-25T12:06:07 PDT" skipped="0">
  <testcase classname="com.training.testcases.ContactsTest" name="createNewAccount" time="25.561"/>
  <testcase classname="com.training.testcases.ContactsTest" name="newViewinContactPageError" time="33.301"/>
  <testcase classname="com.training.testcases.ContactsTest" name="selectRecentlyCreated" time="31.665"/>
  <testcase classname="com.training.testcases.ContactsTest" name="createNewContactError" time="18.891"/>
  <testcase classname="com.training.testcases.ContactsTest" name="gotoMyContactsView" time="33.087"/>
  <testcase classname="com.training.testcases.ContactsTest" name="viewContactName" time="21.959"/>
  <testcase classname="com.training.testcases.ContactsTest" name="newViewinContactPageCancel" time="18.525"/>
  <testcase classname="com.training.testcases.ContactsTest" name="createNewViewinContactPage" time="25.837"/>
</testsuite> <!-- com.training.testcases.ContactsTest -->
