<?xml version="1.0" encoding="UTF-8"?>
<!-- Generated by org.testng.reporters.JUnitReportReporter -->
<testsuite hostname="MacBook-Air-163.hsd1.ca.comcast.net" failures="0" tests="1" name="com.training.testcases.HomeTest" time="8.325" errors="0" timestamp="2024-07-25T22:53:54 PDT" skipped="0">
  <testcase classname="com.training.testcases.HomeTest" name="validatefirstname" time="8.325"/>
</testsuite> <!-- com.training.testcases.HomeTest -->
