<?xml version="1.0" encoding="UTF-8"?>
<!-- Generated by org.testng.reporters.JUnitReportReporter -->
<testsuite hostname="MacBook-Air-163.hsd1.ca.comcast.net" failures="0" tests="5" name="com.training.testcases.OpportunityTest" time="125.895" errors="0" timestamp="25 Sep 2024 20:22:08 GMT">
  <testcase classname="com.training.testcases.OpportunityTest" name="StuckOpportunities" time="19.632"/>
  <testcase classname="com.training.testcases.OpportunityTest" name="CreateNewOpportunity" time="21.606"/>
  <testcase classname="com.training.testcases.OpportunityTest" name="QSummaryReport" time="19.503"/>
  <testcase classname="com.training.testcases.OpportunityTest" name="OpportunitiesDropdown" time="32.499"/>
  <testcase classname="com.training.testcases.OpportunityTest" name="OpportunitiesPipeline" time="32.655"/>
</testsuite> <!-- com.training.testcases.OpportunityTest -->
