<?xml version="1.0" encoding="UTF-8"?>
<!-- Generated by org.testng.reporters.JUnitReportReporter -->
<testsuite hostname="MacBook-Air-163.hsd1.ca.comcast.net" failures="0" tests="1" name="com.training.testcases.LoginTest" time="32.781" errors="0" timestamp="25 Sep 2024 20:22:08 GMT">
  <testcase classname="com.training.testcases.LoginTest" name="validatelogin" time="32.781"/>
</testsuite> <!-- com.training.testcases.LoginTest -->
