<?xml version="1.0" encoding="UTF-8"?>
<!-- Generated by org.testng.reporters.JUnitReportReporter -->
<testsuite hostname="MacBook-Air-163.hsd1.ca.comcast.net" failures="0" tests="8" name="com.training.testcases.ContactsTest" time="212.242" errors="0" timestamp="25 Sep 2024 20:22:08 GMT">
  <testcase classname="com.training.testcases.ContactsTest" name="createNewViewinContactPage" time="32.044"/>
  <testcase classname="com.training.testcases.ContactsTest" name="viewContactName" time="33.377"/>
  <testcase classname="com.training.testcases.ContactsTest" name="createNewAccount" time="32.852"/>
  <testcase classname="com.training.testcases.ContactsTest" name="newViewinContactPageCancel" time="31.891"/>
  <testcase classname="com.training.testcases.ContactsTest" name="newViewinContactPageError" time="18.106"/>
  <testcase classname="com.training.testcases.ContactsTest" name="createNewContactError" time="16.902"/>
  <testcase classname="com.training.testcases.ContactsTest" name="gotoMyContactsView" time="16.256"/>
  <testcase classname="com.training.testcases.ContactsTest" name="selectRecentlyCreated" time="30.814"/>
</testsuite> <!-- com.training.testcases.ContactsTest -->
